Content-Type: multipart/alternative;
 boundary="===============8163934980481956121=="
MIME-Version: 1.0
Subject: Profile activation
From: test@example.com
To: chaitali.patel1006@gmail.com
Date: Tue, 28 Sep 2021 09:31:24 -0000
Message-ID: <163282148436.5371.1747239657563562818@sarvadaa-B450M-DS3H-V2>

--===============8163934980481956121==
Content-Type: text/plain; charset="utf-8"
MIME-Version: 1.0
Content-Transfer-Encoding: 7bit



To activate your profile, please follow this link:

http://127.0.0.1:8000/accounts/activate/ZdXu9fggBQBZrlsq5wVI/

--===============8163934980481956121==
Content-Type: text/html; charset="utf-8"
MIME-Version: 1.0
Content-Transfer-Encoding: 7bit



<!DOCTYPE html PUBLIC "-//W3C//DTD XHTML 1.0 Transitional//EN"
        "http://www.w3.org/TR/xhtml1/DTD/xhtml1-transitional.dtd">
<html xmlns="http://www.w3.org/1999/xhtml">
<head>
    <meta http-equiv="Content-Type" content="text/html; charset=UTF-8"/>
    <title>Profile activation</title>
    <meta name="viewport" content="width=device-width, initial-scale=1.0"/>
</head>

<body>

<p>
    To activate your profile, please follow this link:
</p>

<p>
    <a href="http://127.0.0.1:8000/accounts/activate/ZdXu9fggBQBZrlsq5wVI/">http://127.0.0.1:8000/accounts/activate/ZdXu9fggBQBZrlsq5wVI/</a>
</p>

</body>

</html>

--===============8163934980481956121==--

-------------------------------------------------------------------------------
